<?xml version="1.0" encoding="UTF-8"?>
<testsuite xmlns:xsi="http://www.w3.org/2001/XMLSchema-instance" xsi:noNamespaceSchemaLocation="https://maven.apache.org/surefire/maven-surefire-plugin/xsd/surefire-test-report-3.0.xsd" version="3.0" name="com.gt.Runner" time="34.533" tests="2" errors="0" skipped="0" failures="0">
  <properties>
[...]
</properties>
  <testcase name="&quot;TC_001&quot; - Search product and add to basket" classname="Search and add a product to basket" time="24.323"/>
  <testcase name="&quot;TC_002&quot; - Search product and add to basket" classname="Search and add a product to basket" time="7.28"/>
</testsuite>